# JRE version: OpenJDK Runtime Environment (17.0.10) (build 17.0.10+0--11572160)
# Java VM: OpenJDK 64-Bit Server VM (17.0.10+0--11572160, mixed mode, tiered, compressed oops, compressed class ptrs, g1 gc, windows-amd64)
GC Precious Log:
 CPUs: 12 total, 12 available
 Memory: 16335M
 Large Page Support: Disabled
 NUMA Support: Disabled
 Compressed Oops: Enabled (32-bit)
 Heap Region Size: 1M
 Heap Min Capacity: 8M
 Heap Initial Capacity: 256M
 Heap Max Capacity: 2G
 Pre-touch: Disabled
 Parallel Workers: 10
 Concurrent Workers: 3
 Concurrent Refinement Workers: 10
 Periodic GC: Disabled
Heap:
 garbage-first heap   total 326656K, used 157971K [0x0000000080000000, 0x0000000100000000)
  region size 1024K, 9 young (9216K), 9 survivors (9216K)
 Metaspace       used 147056K, committed 148224K, reserved 1179648K
  class space    used 19835K, committed 20416K, reserved 1048576K
GC Heap History (20 events):
Event: 1565.990 GC heap after
{Heap after GC invocations=76 (full 0):
 garbage-first heap   total 326656K, used 145418K [0x0000000080000000, 0x0000000100000000)
  region size 1024K, 2 young (2048K), 2 survivors (2048K)
 Metaspace       used 133060K, committed 134144K, reserved 1179648K
  class space    used 17718K, committed 18240K, reserved 1048576K
}
Event: 1567.711 GC heap before
{Heap before GC invocations=76 (full 0):
 garbage-first heap   total 326656K, used 248842K [0x0000000080000000, 0x0000000100000000)
  region size 1024K, 105 young (107520K), 2 survivors (2048K)
 Metaspace       used 145724K, committed 146880K, reserved 1179648K
  class space    used 19776K, committed 20352K, reserved 1048576K
}
Event: 1567.716 GC heap after
{Heap after GC invocations=77 (full 0):
 garbage-first heap   total 326656K, used 147380K [0x0000000080000000, 0x0000000100000000)
  region size 1024K, 4 young (4096K), 4 survivors (4096K)
 Metaspace       used 145724K, committed 146880K, reserved 1179648K
  class space    used 19776K, committed 20352K, reserved 1048576K
}
Event: 1985.920 GC heap before
{Heap before GC invocations=78 (full 0):
 garbage-first heap   total 326656K, used 272308K [0x0000000080000000, 0x0000000100000000)
  region size 1024K, 116 young (118784K), 4 survivors (4096K)
 Metaspace       used 146079K, committed 147264K, reserved 1179648K
  class space    used 19802K, committed 20352K, reserved 1048576K
}
Event: 1985.931 GC heap after
{Heap after GC invocations=79 (full 0):
 garbage-first heap   total 326656K, used 156155K [0x0000000080000000, 0x0000000100000000)
  region size 1024K, 14 young (14336K), 14 survivors (14336K)
 Metaspace       used 146079K, committed 147264K, reserved 1179648K
  class space    used 19802K, committed 20352K, reserved 1048576K
}
Event: 1985.934 GC heap before
{Heap before GC invocations=79 (full 0):
 garbage-first heap   total 326656K, used 157179K [0x0000000080000000, 0x0000000100000000)
  region size 1024K, 15 young (15360K), 14 survivors (14336K)
 Metaspace       used 146079K, committed 147264K, reserved 1179648K
  class space    used 19802K, committed 20352K, reserved 1048576K
}
Event: 1985.946 GC heap after
{Heap after GC invocations=80 (full 0):
 garbage-first heap   total 326656K, used 149722K [0x0000000080000000, 0x0000000100000000)
  region size 1024K, 1 young (1024K), 1 survivors (1024K)
 Metaspace       used 146079K, committed 147264K, reserved 1179648K
  class space    used 19802K, committed 20352K, reserved 1048576K
}
Event: 1988.361 GC heap before
{Heap before GC invocations=80 (full 0):
 garbage-first heap   total 326656K, used 172250K [0x0000000080000000, 0x0000000100000000)
  region size 1024K, 24 young (24576K), 1 survivors (1024K)
 Metaspace       used 146404K, committed 147584K, reserved 1179648K
  class space    used 19807K, committed 20352K, reserved 1048576K
}
Event: 1988.364 GC heap after
{Heap after GC invocations=81 (full 0):
 garbage-first heap   total 326656K, used 150608K [0x0000000080000000, 0x0000000100000000)
  region size 1024K, 2 young (2048K), 2 survivors (2048K)
 Metaspace       used 146404K, committed 147584K, reserved 1179648K
  class space    used 19807K, committed 20352K, reserved 1048576K
}
Event: 2183.344 GC heap before
{Heap before GC invocations=82 (full 0):
 garbage-first heap   total 326656K, used 274512K [0x0000000080000000, 0x0000000100000000)
  region size 1024K, 111 young (113664K), 2 survivors (2048K)
 Metaspace       used 146486K, committed 147584K, reserved 1179648K
  class space    used 19774K, committed 20352K, reserved 1048576K
}
Event: 2183.361 GC heap after
{Heap after GC invocations=83 (full 0):
 garbage-first heap   total 326656K, used 174785K [0x0000000080000000, 0x0000000100000000)
  region size 1024K, 14 young (14336K), 14 survivors (14336K)
 Metaspace       used 146486K, committed 147584K, reserved 1179648K
  class space    used 19774K, committed 20352K, reserved 1048576K
}
Event: 2183.382 GC heap before
{Heap before GC invocations=83 (full 0):
 garbage-first heap   total 326656K, used 174785K [0x0000000080000000, 0x0000000100000000)
  region size 1024K, 15 young (15360K), 14 survivors (14336K)
 Metaspace       used 146493K, committed 147584K, reserved 1179648K
  class space    used 19775K, committed 20352K, reserved 1048576K
}
Event: 2183.400 GC heap after
{Heap after GC invocations=84 (full 0):
 garbage-first heap   total 326656K, used 157221K [0x0000000080000000, 0x0000000100000000)
  region size 1024K, 1 young (1024K), 1 survivors (1024K)
 Metaspace       used 146493K, committed 147584K, reserved 1179648K
  class space    used 19775K, committed 20352K, reserved 1048576K
}
Event: 2183.572 GC heap before
{Heap before GC invocations=84 (full 0):
 garbage-first heap   total 326656K, used 175653K [0x0000000080000000, 0x0000000100000000)
  region size 1024K, 21 young (21504K), 1 survivors (1024K)
 Metaspace       used 146535K, committed 147712K, reserved 1179648K
  class space    used 19775K, committed 20352K, reserved 1048576K
}
Event: 2183.579 GC heap after
{Heap after GC invocations=85 (full 0):
 garbage-first heap   total 326656K, used 166075K [0x0000000080000000, 0x0000000100000000)
  region size 1024K, 10 young (10240K), 10 survivors (10240K)
 Metaspace       used 146535K, committed 147712K, reserved 1179648K
  class space    used 19775K, committed 20352K, reserved 1048576K
}
Event: 2260.277 GC heap before
{Heap before GC invocations=86 (full 0):
 garbage-first heap   total 326656K, used 291003K [0x0000000080000000, 0x0000000100000000)
  region size 1024K, 92 young (94208K), 10 survivors (10240K)
 Metaspace       used 146665K, committed 147776K, reserved 1179648K
  class space    used 19778K, committed 20352K, reserved 1048576K
}
Event: 2260.282 GC heap after
{Heap after GC invocations=87 (full 0):
 garbage-first heap   total 326656K, used 163270K [0x0000000080000000, 0x0000000100000000)
  region size 1024K, 4 young (4096K), 4 survivors (4096K)
 Metaspace       used 146665K, committed 147776K, reserved 1179648K
  class space    used 19778K, committed 20352K, reserved 1048576K
}
Event: 2260.330 GC heap before
{Heap before GC invocations=87 (full 0):
 garbage-first heap   total 326656K, used 174534K [0x0000000080000000, 0x0000000100000000)
  region size 1024K, 15 young (15360K), 4 survivors (4096K)
 Metaspace       used 146684K, committed 147840K, reserved 1179648K
  class space    used 19778K, committed 20352K, reserved 1048576K
}
Event: 2260.341 GC heap after
{Heap after GC invocations=88 (full 0):
 garbage-first heap   total 326656K, used 150014K [0x0000000080000000, 0x0000000100000000)
  region size 1024K, 2 young (2048K), 2 survivors (2048K)
 Metaspace       used 146684K, committed 147840K, reserved 1179648K
  class space    used 19778K, committed 20352K, reserved 1048576K
}
Event: 2260.831 GC heap before
{Heap before GC invocations=88 (full 0):
 garbage-first heap   total 326656K, used 214526K [0x0000000080000000, 0x0000000100000000)
  region size 1024K, 66 young (67584K), 2 survivors (2048K)
 Metaspace       used 147056K, committed 148224K, reserved 1179648K
  class space    used 19835K, committed 20416K, reserved 1048576K
}

